{"level":"info","message":{"duration":0,"params":"[\"ansar\"]","query":"SELECT COUNT(*) AS `_count._all` FROM (SELECT `belajar_nodejs_restful_api`.`users`.`username` FROM `belajar_nodejs_restful_api`.`users` WHERE `belajar_nodejs_restful_api`.`users`.`username` = ?) AS `sub`","target":"quaint::connector::metrics","timestamp":"2025-07-04T06:00:58.015Z"}}
{"level":"info","message":{"duration":0,"params":"[]","query":"BEGIN","target":"quaint::connector::metrics","timestamp":"2025-07-04T06:00:58.172Z"}}
{"level":"info","message":{"duration":3,"params":"[\"ansar\",\"$2b$10$0jXs4NJmDVWPGa7ookF.puoE93t0fgR68k1IDJr.ufVf7iE2EC1jm\",\"ansar\"]","query":"INSERT INTO `belajar_nodejs_restful_api`.`users` (`username`,`password`,`name`) VALUES (?,?,?)","target":"quaint::connector::metrics","timestamp":"2025-07-04T06:00:58.176Z"}}
{"level":"info","message":{"duration":1,"params":"[\"ansar\",1,0]","query":"SELECT `belajar_nodejs_restful_api`.`users`.`username`, `belajar_nodejs_restful_api`.`users`.`name` FROM `belajar_nodejs_restful_api`.`users` WHERE `belajar_nodejs_restful_api`.`users`.`username` = ? LIMIT ? OFFSET ?","target":"quaint::connector::metrics","timestamp":"2025-07-04T06:00:58.177Z"}}
{"level":"info","message":{"duration":3,"params":"[]","query":"COMMIT","target":"quaint::connector::metrics","timestamp":"2025-07-04T06:00:58.180Z"}}
{"level":"info","message":{"duration":0,"params":"[]","query":"SELECT 1","target":"quaint::connector::metrics","timestamp":"2025-07-04T06:02:46.958Z"}}
{"level":"info","message":{"duration":1,"params":"[\"ansar\"]","query":"SELECT COUNT(*) AS `_count._all` FROM (SELECT `belajar_nodejs_restful_api`.`users`.`username` FROM `belajar_nodejs_restful_api`.`users` WHERE `belajar_nodejs_restful_api`.`users`.`username` = ?) AS `sub`","target":"quaint::connector::metrics","timestamp":"2025-07-04T06:02:46.962Z"}}
{"level":"info","message":{"error":"\"username\" is not allowed to be empty. \"password\" is not allowed to be empty. \"name\" is not allowed to be empty"}}
{"level":"info","message":"Starting a mysql pool with 5 connections.","target":"quaint::pooled","timestamp":"2025-07-04T07:27:44.111Z"}
{"level":"info","message":{"duration":2,"params":"[\"testuser\"]","query":"DELETE FROM `belajar_nodejs_restful_api`.`users` WHERE `belajar_nodejs_restful_api`.`users`.`username` = ?","target":"quaint::connector::metrics","timestamp":"2025-07-04T07:27:44.123Z"}}
{"level":"info","message":{"error":"\"username\" is not allowed to be empty. \"password\" is not allowed to be empty. \"name\" is not allowed to be empty"}}
{"level":"info","message":"Starting a mysql pool with 5 connections.","target":"quaint::pooled","timestamp":"2025-07-04T07:30:10.127Z"}
{"level":"info","message":{"duration":0,"params":"[\"testuser\"]","query":"DELETE FROM `belajar_nodejs_restful_api`.`users` WHERE `belajar_nodejs_restful_api`.`users`.`username` = ?","target":"quaint::connector::metrics","timestamp":"2025-07-04T07:30:10.133Z"}}
{"level":"info","message":{"error":"\"username\" is not allowed to be empty"}}
{"level":"info","message":"Starting a mysql pool with 5 connections.","target":"quaint::pooled","timestamp":"2025-07-04T07:31:34.101Z"}
{"level":"info","message":{"duration":0,"params":"[\"testuser\"]","query":"DELETE FROM `belajar_nodejs_restful_api`.`users` WHERE `belajar_nodejs_restful_api`.`users`.`username` = ?","target":"quaint::connector::metrics","timestamp":"2025-07-04T07:31:34.107Z"}}
{"level":"info","message":{"error":"\"password\" is not allowed to be empty"}}
{"level":"info","message":"Starting a mysql pool with 5 connections.","target":"quaint::pooled","timestamp":"2025-07-04T07:33:11.534Z"}
{"level":"info","message":{"duration":0,"params":"[\"testuser\"]","query":"DELETE FROM `belajar_nodejs_restful_api`.`users` WHERE `belajar_nodejs_restful_api`.`users`.`username` = ?","target":"quaint::connector::metrics","timestamp":"2025-07-04T07:33:11.539Z"}}
{"level":"info","message":{"error":"\"name\" is not allowed to be empty"}}
{"level":"info","message":"Starting a mysql pool with 5 connections.","target":"quaint::pooled","timestamp":"2025-07-04T07:33:53.232Z"}
{"level":"info","message":{"duration":1,"params":"[\"testuser\"]","query":"DELETE FROM `belajar_nodejs_restful_api`.`users` WHERE `belajar_nodejs_restful_api`.`users`.`username` = ?","target":"quaint::connector::metrics","timestamp":"2025-07-04T07:33:53.238Z"}}
{"level":"info","message":"Starting a mysql pool with 5 connections.","target":"quaint::pooled","timestamp":"2025-07-04T07:38:27.510Z"}
{"level":"info","message":{"duration":0,"params":"[\"testuser\"]","query":"SELECT COUNT(*) AS `_count._all` FROM (SELECT `belajar_nodejs_restful_api`.`users`.`username` FROM `belajar_nodejs_restful_api`.`users` WHERE `belajar_nodejs_restful_api`.`users`.`username` = ?) AS `sub`","target":"quaint::connector::metrics","timestamp":"2025-07-04T07:38:27.518Z"}}
{"level":"info","message":{"duration":0,"params":"[]","query":"BEGIN","target":"quaint::connector::metrics","timestamp":"2025-07-04T07:38:27.601Z"}}
{"level":"info","message":{"duration":3,"params":"[\"testuser\",\"$2b$10$Z1BWJWLulnpsg/v9glWBxuk0h35SQ.dzkq7Ypg7i1l.oymHzLo2cC\",\"Test User\"]","query":"INSERT INTO `belajar_nodejs_restful_api`.`users` (`username`,`password`,`name`) VALUES (?,?,?)","target":"quaint::connector::metrics","timestamp":"2025-07-04T07:38:27.605Z"}}
{"level":"info","message":{"duration":1,"params":"[\"testuser\",1,0]","query":"SELECT `belajar_nodejs_restful_api`.`users`.`username`, `belajar_nodejs_restful_api`.`users`.`name` FROM `belajar_nodejs_restful_api`.`users` WHERE `belajar_nodejs_restful_api`.`users`.`username` = ? LIMIT ? OFFSET ?","target":"quaint::connector::metrics","timestamp":"2025-07-04T07:38:27.607Z"}}
{"level":"info","message":{"duration":3,"params":"[]","query":"COMMIT","target":"quaint::connector::metrics","timestamp":"2025-07-04T07:38:27.611Z"}}
{"level":"info","message":{"duration":0,"params":"[\"testuser\"]","query":"SELECT COUNT(*) AS `_count._all` FROM (SELECT `belajar_nodejs_restful_api`.`users`.`username` FROM `belajar_nodejs_restful_api`.`users` WHERE `belajar_nodejs_restful_api`.`users`.`username` = ?) AS `sub`","target":"quaint::connector::metrics","timestamp":"2025-07-04T07:38:27.639Z"}}
{"level":"info","message":{"error":"Username already exixts"}}
{"level":"info","message":{"duration":3,"params":"[\"testuser\"]","query":"DELETE FROM `belajar_nodejs_restful_api`.`users` WHERE `belajar_nodejs_restful_api`.`users`.`username` = ?","target":"quaint::connector::metrics","timestamp":"2025-07-04T07:38:27.653Z"}}
{"level":"info","message":"Starting a mysql pool with 5 connections.","target":"quaint::pooled","timestamp":"2025-07-04T07:39:16.730Z"}
{"level":"info","message":{"duration":0,"params":"[\"testuser\"]","query":"SELECT COUNT(*) AS `_count._all` FROM (SELECT `belajar_nodejs_restful_api`.`users`.`username` FROM `belajar_nodejs_restful_api`.`users` WHERE `belajar_nodejs_restful_api`.`users`.`username` = ?) AS `sub`","target":"quaint::connector::metrics","timestamp":"2025-07-04T07:39:16.736Z"}}
{"level":"info","message":{"duration":0,"params":"[]","query":"BEGIN","target":"quaint::connector::metrics","timestamp":"2025-07-04T07:39:16.815Z"}}
{"level":"info","message":{"duration":3,"params":"[\"testuser\",\"$2b$10$gtbb95jrdEE2eqlVOJzjYO6K.Od9gX0tHpPiRq1ISQPVbhWZQLTMq\",\"Test User\"]","query":"INSERT INTO `belajar_nodejs_restful_api`.`users` (`username`,`password`,`name`) VALUES (?,?,?)","target":"quaint::connector::metrics","timestamp":"2025-07-04T07:39:16.819Z"}}
{"level":"info","message":{"duration":0,"params":"[\"testuser\",1,0]","query":"SELECT `belajar_nodejs_restful_api`.`users`.`username`, `belajar_nodejs_restful_api`.`users`.`name` FROM `belajar_nodejs_restful_api`.`users` WHERE `belajar_nodejs_restful_api`.`users`.`username` = ? LIMIT ? OFFSET ?","target":"quaint::connector::metrics","timestamp":"2025-07-04T07:39:16.820Z"}}
{"level":"info","message":{"duration":2,"params":"[]","query":"COMMIT","target":"quaint::connector::metrics","timestamp":"2025-07-04T07:39:16.823Z"}}
{"level":"info","message":{"data":{"name":"Test User","username":"testuser"}}}
{"level":"info","message":{"duration":0,"params":"[\"testuser\"]","query":"SELECT COUNT(*) AS `_count._all` FROM (SELECT `belajar_nodejs_restful_api`.`users`.`username` FROM `belajar_nodejs_restful_api`.`users` WHERE `belajar_nodejs_restful_api`.`users`.`username` = ?) AS `sub`","target":"quaint::connector::metrics","timestamp":"2025-07-04T07:39:16.836Z"}}
{"level":"info","message":{"error":"Username already exixts"}}
{"level":"info","message":{"duration":3,"params":"[\"testuser\"]","query":"DELETE FROM `belajar_nodejs_restful_api`.`users` WHERE `belajar_nodejs_restful_api`.`users`.`username` = ?","target":"quaint::connector::metrics","timestamp":"2025-07-04T07:39:16.846Z"}}
{"level":"info","message":"Starting a mysql pool with 5 connections.","target":"quaint::pooled","timestamp":"2025-07-04T07:40:48.948Z"}
{"level":"info","message":{"duration":0,"params":"[\"testuser\"]","query":"SELECT COUNT(*) AS `_count._all` FROM (SELECT `belajar_nodejs_restful_api`.`users`.`username` FROM `belajar_nodejs_restful_api`.`users` WHERE `belajar_nodejs_restful_api`.`users`.`username` = ?) AS `sub`","target":"quaint::connector::metrics","timestamp":"2025-07-04T07:40:48.962Z"}}
{"level":"info","message":{"duration":0,"params":"[]","query":"BEGIN","target":"quaint::connector::metrics","timestamp":"2025-07-04T07:40:49.058Z"}}
{"level":"info","message":{"duration":4,"params":"[\"testuser\",\"$2b$10$sLsBRA0mBFi3PWeZ/Lxw8e/6NR4Fv5FrzonphVQeqCgvn3OEIPzK2\",\"Test User\"]","query":"INSERT INTO `belajar_nodejs_restful_api`.`users` (`username`,`password`,`name`) VALUES (?,?,?)","target":"quaint::connector::metrics","timestamp":"2025-07-04T07:40:49.063Z"}}
{"level":"info","message":{"duration":1,"params":"[\"testuser\",1,0]","query":"SELECT `belajar_nodejs_restful_api`.`users`.`username`, `belajar_nodejs_restful_api`.`users`.`name` FROM `belajar_nodejs_restful_api`.`users` WHERE `belajar_nodejs_restful_api`.`users`.`username` = ? LIMIT ? OFFSET ?","target":"quaint::connector::metrics","timestamp":"2025-07-04T07:40:49.067Z"}}
{"level":"info","message":{"duration":3,"params":"[]","query":"COMMIT","target":"quaint::connector::metrics","timestamp":"2025-07-04T07:40:49.070Z"}}
{"level":"info","message":{"duration":3,"params":"[\"testuser\"]","query":"DELETE FROM `belajar_nodejs_restful_api`.`users` WHERE `belajar_nodejs_restful_api`.`users`.`username` = ?","target":"quaint::connector::metrics","timestamp":"2025-07-04T07:40:49.084Z"}}
{"level":"info","message":{"error":"\"username\" is not allowed to be empty. \"password\" is not allowed to be empty. \"name\" is not allowed to be empty"}}
{"level":"info","message":{"duration":0,"params":"[\"testuser\"]","query":"DELETE FROM `belajar_nodejs_restful_api`.`users` WHERE `belajar_nodejs_restful_api`.`users`.`username` = ?","target":"quaint::connector::metrics","timestamp":"2025-07-04T07:40:49.097Z"}}
{"level":"info","message":{"error":"\"username\" is not allowed to be empty"}}
{"level":"info","message":{"duration":0,"params":"[\"testuser\"]","query":"DELETE FROM `belajar_nodejs_restful_api`.`users` WHERE `belajar_nodejs_restful_api`.`users`.`username` = ?","target":"quaint::connector::metrics","timestamp":"2025-07-04T07:40:49.108Z"}}
{"level":"info","message":{"error":"\"password\" is not allowed to be empty"}}
{"level":"info","message":{"duration":0,"params":"[\"testuser\"]","query":"DELETE FROM `belajar_nodejs_restful_api`.`users` WHERE `belajar_nodejs_restful_api`.`users`.`username` = ?","target":"quaint::connector::metrics","timestamp":"2025-07-04T07:40:49.118Z"}}
{"level":"info","message":{"error":"\"name\" is not allowed to be empty"}}
{"level":"info","message":{"duration":1,"params":"[\"testuser\"]","query":"DELETE FROM `belajar_nodejs_restful_api`.`users` WHERE `belajar_nodejs_restful_api`.`users`.`username` = ?","target":"quaint::connector::metrics","timestamp":"2025-07-04T07:40:49.131Z"}}
{"level":"info","message":{"duration":1,"params":"[\"testuser\"]","query":"SELECT COUNT(*) AS `_count._all` FROM (SELECT `belajar_nodejs_restful_api`.`users`.`username` FROM `belajar_nodejs_restful_api`.`users` WHERE `belajar_nodejs_restful_api`.`users`.`username` = ?) AS `sub`","target":"quaint::connector::metrics","timestamp":"2025-07-04T07:40:49.141Z"}}
{"level":"info","message":{"duration":0,"params":"[]","query":"BEGIN","target":"quaint::connector::metrics","timestamp":"2025-07-04T07:40:49.224Z"}}
{"level":"info","message":{"duration":4,"params":"[\"testuser\",\"$2b$10$tJTpSUnErnfpKT59QlTmE.TqUNMhJUjnhH6jpTUho6yyanquker..\",\"Test User\"]","query":"INSERT INTO `belajar_nodejs_restful_api`.`users` (`username`,`password`,`name`) VALUES (?,?,?)","target":"quaint::connector::metrics","timestamp":"2025-07-04T07:40:49.229Z"}}
{"level":"info","message":{"duration":1,"params":"[\"testuser\",1,0]","query":"SELECT `belajar_nodejs_restful_api`.`users`.`username`, `belajar_nodejs_restful_api`.`users`.`name` FROM `belajar_nodejs_restful_api`.`users` WHERE `belajar_nodejs_restful_api`.`users`.`username` = ? LIMIT ? OFFSET ?","target":"quaint::connector::metrics","timestamp":"2025-07-04T07:40:49.230Z"}}
{"level":"info","message":{"duration":2,"params":"[]","query":"COMMIT","target":"quaint::connector::metrics","timestamp":"2025-07-04T07:40:49.233Z"}}
{"level":"info","message":{"data":{"name":"Test User","username":"testuser"}}}
{"level":"info","message":{"duration":0,"params":"[\"testuser\"]","query":"SELECT COUNT(*) AS `_count._all` FROM (SELECT `belajar_nodejs_restful_api`.`users`.`username` FROM `belajar_nodejs_restful_api`.`users` WHERE `belajar_nodejs_restful_api`.`users`.`username` = ?) AS `sub`","target":"quaint::connector::metrics","timestamp":"2025-07-04T07:40:49.240Z"}}
{"level":"info","message":{"error":"Username already exixts"}}
{"level":"info","message":{"duration":4,"params":"[\"testuser\"]","query":"DELETE FROM `belajar_nodejs_restful_api`.`users` WHERE `belajar_nodejs_restful_api`.`users`.`username` = ?","target":"quaint::connector::metrics","timestamp":"2025-07-04T07:40:49.250Z"}}
{"level":"info","message":"Starting a mysql pool with 5 connections.","target":"quaint::pooled","timestamp":"2025-07-04T17:48:32.010Z"}
{"level":"info","message":{"duration":204,"params":"[\"testuser\"]","query":"SELECT COUNT(*) AS `_count._all` FROM (SELECT `belajar_nodejs_restful_api`.`users`.`username` FROM `belajar_nodejs_restful_api`.`users` WHERE `belajar_nodejs_restful_api`.`users`.`username` = ?) AS `sub`","target":"quaint::connector::metrics","timestamp":"2025-07-04T17:48:32.312Z"}}
{"level":"info","message":{"duration":0,"params":"[]","query":"BEGIN","target":"quaint::connector::metrics","timestamp":"2025-07-04T17:48:32.490Z"}}
{"level":"info","message":{"duration":2,"params":"[\"testuser\",\"$2b$10$DR4.4IozmPpdR5PnuXUX7.qn2/WuYH9KSXH5RiF5pq3QbkVpACYGe\",\"Test User\"]","query":"INSERT INTO `belajar_nodejs_restful_api`.`users` (`username`,`password`,`name`) VALUES (?,?,?)","target":"quaint::connector::metrics","timestamp":"2025-07-04T17:48:32.497Z"}}
{"level":"info","message":{"duration":1,"params":"[\"testuser\",1,0]","query":"SELECT `belajar_nodejs_restful_api`.`users`.`username`, `belajar_nodejs_restful_api`.`users`.`name` FROM `belajar_nodejs_restful_api`.`users` WHERE `belajar_nodejs_restful_api`.`users`.`username` = ? LIMIT ? OFFSET ?","target":"quaint::connector::metrics","timestamp":"2025-07-04T17:48:32.501Z"}}
{"level":"info","message":{"duration":3,"params":"[]","query":"COMMIT","target":"quaint::connector::metrics","timestamp":"2025-07-04T17:48:32.506Z"}}
{"level":"info","message":{"error":"\"username\" is not allowed to be empty. \"password\" is not allowed to be empty. \"name\" is not allowed to be empty"}}
{"level":"info","message":{"error":"\"username\" is not allowed to be empty"}}
{"level":"info","message":{"error":"\"password\" is not allowed to be empty"}}
{"level":"info","message":{"error":"\"name\" is not allowed to be empty"}}
{"level":"info","message":{"duration":1,"params":"[\"testuser\"]","query":"SELECT COUNT(*) AS `_count._all` FROM (SELECT `belajar_nodejs_restful_api`.`users`.`username` FROM `belajar_nodejs_restful_api`.`users` WHERE `belajar_nodejs_restful_api`.`users`.`username` = ?) AS `sub`","target":"quaint::connector::metrics","timestamp":"2025-07-04T17:48:32.580Z"}}
{"level":"info","message":{"error":"Username already exixts"}}
{"level":"info","message":{"duration":0,"params":"[]","query":"BEGIN","target":"quaint::connector::metrics","timestamp":"2025-07-04T17:48:32.679Z"}}
{"level":"info","message":{"duration":0,"params":"[\"testuser\",\"$2b$10$DlJl0w2LNjorCS75Q.L4wOHJzgkUWBTKK20AXQB0AEWmTQG.sNbDC\",\"Test User\",\"testtoken\"]","query":"INSERT INTO `belajar_nodejs_restful_api`.`users` (`username`,`password`,`name`,`token`) VALUES (?,?,?,?)","target":"quaint::connector::metrics","timestamp":"2025-07-04T17:48:32.680Z"}}
{"level":"info","message":{"duration":0,"params":"[]","query":"ROLLBACK","target":"quaint::connector::metrics","timestamp":"2025-07-04T17:48:32.683Z"}}
{"level":"error","message":"\nInvalid `prismaClient.user.create()` invocation in\nC:\\Users\\ansar\\OneDrive\\Desktop\\belajar\\nodejs_udemy\\nodeJs RESTful API\\test\\test-utils.js:14:36\n\n  11 \n  12 \n  13 export const createTestUtils = async () => {\n→ 14      await prismaClient.user.create(\nUnique constraint failed on the constraint: `PRIMARY`","target":"user.create","timestamp":"2025-07-04T17:48:32.691Z"}
{"level":"info","message":{"duration":8,"params":"[\"testuser\"]","query":"DELETE FROM `belajar_nodejs_restful_api`.`users` WHERE `belajar_nodejs_restful_api`.`users`.`username` = ?","target":"quaint::connector::metrics","timestamp":"2025-07-04T17:48:32.709Z"}}
{"level":"info","message":"Starting a mysql pool with 5 connections.","target":"quaint::pooled","timestamp":"2025-07-04T17:53:21.648Z"}
{"level":"info","message":{"duration":0,"params":"[\"testuser\"]","query":"SELECT COUNT(*) AS `_count._all` FROM (SELECT `belajar_nodejs_restful_api`.`users`.`username` FROM `belajar_nodejs_restful_api`.`users` WHERE `belajar_nodejs_restful_api`.`users`.`username` = ?) AS `sub`","target":"quaint::connector::metrics","timestamp":"2025-07-04T17:53:21.655Z"}}
{"level":"info","message":{"duration":0,"params":"[]","query":"BEGIN","target":"quaint::connector::metrics","timestamp":"2025-07-04T17:53:21.730Z"}}
{"level":"info","message":{"duration":7,"params":"[\"testuser\",\"$2b$10$DLdi/8GNz76aAKz/CalOkeXhXfTaUNeR0hFwonibUo/U8ThUQgDPW\",\"Test User\"]","query":"INSERT INTO `belajar_nodejs_restful_api`.`users` (`username`,`password`,`name`) VALUES (?,?,?)","target":"quaint::connector::metrics","timestamp":"2025-07-04T17:53:21.738Z"}}
{"level":"info","message":{"duration":1,"params":"[\"testuser\",1,0]","query":"SELECT `belajar_nodejs_restful_api`.`users`.`username`, `belajar_nodejs_restful_api`.`users`.`name` FROM `belajar_nodejs_restful_api`.`users` WHERE `belajar_nodejs_restful_api`.`users`.`username` = ? LIMIT ? OFFSET ?","target":"quaint::connector::metrics","timestamp":"2025-07-04T17:53:21.743Z"}}
{"level":"info","message":{"duration":4,"params":"[]","query":"COMMIT","target":"quaint::connector::metrics","timestamp":"2025-07-04T17:53:21.746Z"}}
{"level":"info","message":{"data":{"name":"Test User","username":"testuser"}}}
{"level":"info","message":{"duration":0,"params":"[\"testuser\"]","query":"SELECT COUNT(*) AS `_count._all` FROM (SELECT `belajar_nodejs_restful_api`.`users`.`username` FROM `belajar_nodejs_restful_api`.`users` WHERE `belajar_nodejs_restful_api`.`users`.`username` = ?) AS `sub`","target":"quaint::connector::metrics","timestamp":"2025-07-04T17:53:21.789Z"}}
{"level":"info","message":{"error":"Username already exixts"}}
{"level":"info","message":"Starting a mysql pool with 5 connections.","target":"quaint::pooled","timestamp":"2025-07-04T17:54:00.429Z"}
{"level":"info","message":{"duration":0,"params":"[\"testuser\"]","query":"SELECT COUNT(*) AS `_count._all` FROM (SELECT `belajar_nodejs_restful_api`.`users`.`username` FROM `belajar_nodejs_restful_api`.`users` WHERE `belajar_nodejs_restful_api`.`users`.`username` = ?) AS `sub`","target":"quaint::connector::metrics","timestamp":"2025-07-04T17:54:00.435Z"}}
{"level":"info","message":{"error":"\"username\" is not allowed to be empty. \"password\" is not allowed to be empty. \"name\" is not allowed to be empty"}}
{"level":"info","message":{"error":"\"username\" is not allowed to be empty"}}
{"level":"info","message":{"error":"\"password\" is not allowed to be empty"}}
{"level":"info","message":{"error":"\"name\" is not allowed to be empty"}}
{"level":"info","message":{"duration":0,"params":"[\"testuser\"]","query":"SELECT COUNT(*) AS `_count._all` FROM (SELECT `belajar_nodejs_restful_api`.`users`.`username` FROM `belajar_nodejs_restful_api`.`users` WHERE `belajar_nodejs_restful_api`.`users`.`username` = ?) AS `sub`","target":"quaint::connector::metrics","timestamp":"2025-07-04T17:54:00.499Z"}}
{"level":"info","message":{"error":"Username already exixts"}}
{"level":"info","message":"Starting a mysql pool with 5 connections.","target":"quaint::pooled","timestamp":"2025-07-04T17:58:03.416Z"}
{"level":"info","message":{"duration":1,"params":"[\"testuser\"]","query":"SELECT COUNT(*) AS `_count._all` FROM (SELECT `belajar_nodejs_restful_api`.`users`.`username` FROM `belajar_nodejs_restful_api`.`users` WHERE `belajar_nodejs_restful_api`.`users`.`username` = ?) AS `sub`","target":"quaint::connector::metrics","timestamp":"2025-07-04T17:58:03.427Z"}}
{"level":"info","message":{"duration":6,"params":"[\"testuser\"]","query":"DELETE FROM `belajar_nodejs_restful_api`.`users` WHERE `belajar_nodejs_restful_api`.`users`.`username` = ?","target":"quaint::connector::metrics","timestamp":"2025-07-04T17:58:03.453Z"}}
{"level":"info","message":{"error":"\"username\" is not allowed to be empty. \"password\" is not allowed to be empty. \"name\" is not allowed to be empty"}}
{"level":"info","message":{"duration":0,"params":"[\"testuser\"]","query":"DELETE FROM `belajar_nodejs_restful_api`.`users` WHERE `belajar_nodejs_restful_api`.`users`.`username` = ?","target":"quaint::connector::metrics","timestamp":"2025-07-04T17:58:03.490Z"}}
{"level":"info","message":{"error":"\"username\" is not allowed to be empty"}}
{"level":"info","message":{"duration":0,"params":"[\"testuser\"]","query":"DELETE FROM `belajar_nodejs_restful_api`.`users` WHERE `belajar_nodejs_restful_api`.`users`.`username` = ?","target":"quaint::connector::metrics","timestamp":"2025-07-04T17:58:03.498Z"}}
{"level":"info","message":{"error":"\"password\" is not allowed to be empty"}}
{"level":"info","message":{"duration":0,"params":"[\"testuser\"]","query":"DELETE FROM `belajar_nodejs_restful_api`.`users` WHERE `belajar_nodejs_restful_api`.`users`.`username` = ?","target":"quaint::connector::metrics","timestamp":"2025-07-04T17:58:03.506Z"}}
{"level":"info","message":{"error":"\"name\" is not allowed to be empty"}}
{"level":"info","message":{"duration":0,"params":"[\"testuser\"]","query":"DELETE FROM `belajar_nodejs_restful_api`.`users` WHERE `belajar_nodejs_restful_api`.`users`.`username` = ?","target":"quaint::connector::metrics","timestamp":"2025-07-04T17:58:03.515Z"}}
{"level":"info","message":{"duration":0,"params":"[\"testuser\"]","query":"SELECT COUNT(*) AS `_count._all` FROM (SELECT `belajar_nodejs_restful_api`.`users`.`username` FROM `belajar_nodejs_restful_api`.`users` WHERE `belajar_nodejs_restful_api`.`users`.`username` = ?) AS `sub`","target":"quaint::connector::metrics","timestamp":"2025-07-04T17:58:03.522Z"}}
{"level":"info","message":{"duration":0,"params":"[]","query":"BEGIN","target":"quaint::connector::metrics","timestamp":"2025-07-04T17:58:03.605Z"}}
{"level":"info","message":{"duration":3,"params":"[\"testuser\",\"$2b$10$.LFBDTLu3tr4Lvhq.5UqM.G5PCyQ3mfs3kNiqK2IfOYhDd9sxiQ8O\",\"Test User\"]","query":"INSERT INTO `belajar_nodejs_restful_api`.`users` (`username`,`password`,`name`) VALUES (?,?,?)","target":"quaint::connector::metrics","timestamp":"2025-07-04T17:58:03.609Z"}}
{"level":"info","message":{"duration":0,"params":"[\"testuser\",1,0]","query":"SELECT `belajar_nodejs_restful_api`.`users`.`username`, `belajar_nodejs_restful_api`.`users`.`name` FROM `belajar_nodejs_restful_api`.`users` WHERE `belajar_nodejs_restful_api`.`users`.`username` = ? LIMIT ? OFFSET ?","target":"quaint::connector::metrics","timestamp":"2025-07-04T17:58:03.611Z"}}
{"level":"info","message":{"duration":2,"params":"[]","query":"COMMIT","target":"quaint::connector::metrics","timestamp":"2025-07-04T17:58:03.613Z"}}
{"level":"info","message":{"data":{"name":"Test User","username":"testuser"}}}
{"level":"info","message":{"duration":0,"params":"[\"testuser\"]","query":"SELECT COUNT(*) AS `_count._all` FROM (SELECT `belajar_nodejs_restful_api`.`users`.`username` FROM `belajar_nodejs_restful_api`.`users` WHERE `belajar_nodejs_restful_api`.`users`.`username` = ?) AS `sub`","target":"quaint::connector::metrics","timestamp":"2025-07-04T17:58:03.626Z"}}
{"level":"info","message":{"error":"Username already exixts"}}
{"level":"info","message":{"duration":3,"params":"[\"testuser\"]","query":"DELETE FROM `belajar_nodejs_restful_api`.`users` WHERE `belajar_nodejs_restful_api`.`users`.`username` = ?","target":"quaint::connector::metrics","timestamp":"2025-07-04T17:58:03.636Z"}}
{"level":"info","message":{"duration":0,"params":"[]","query":"BEGIN","target":"quaint::connector::metrics","timestamp":"2025-07-04T17:58:03.718Z"}}
{"level":"info","message":{"duration":4,"params":"[\"testuser\",\"$2b$10$OV9/oTYlO8KEUqu5xPEupOxVEHKhaLjrgtYNvAcyk8pYGUXzaxP7K\",\"Test User\",\"testtoken\"]","query":"INSERT INTO `belajar_nodejs_restful_api`.`users` (`username`,`password`,`name`,`token`) VALUES (?,?,?,?)","target":"quaint::connector::metrics","timestamp":"2025-07-04T17:58:03.723Z"}}
{"level":"info","message":{"duration":1,"params":"[\"testuser\",1,0]","query":"SELECT `belajar_nodejs_restful_api`.`users`.`username`, `belajar_nodejs_restful_api`.`users`.`password`, `belajar_nodejs_restful_api`.`users`.`name`, `belajar_nodejs_restful_api`.`users`.`token` FROM `belajar_nodejs_restful_api`.`users` WHERE `belajar_nodejs_restful_api`.`users`.`username` = ? LIMIT ? OFFSET ?","target":"quaint::connector::metrics","timestamp":"2025-07-04T17:58:03.725Z"}}
{"level":"info","message":{"duration":3,"params":"[]","query":"COMMIT","target":"quaint::connector::metrics","timestamp":"2025-07-04T17:58:03.728Z"}}
{"level":"info","message":{"duration":3,"params":"[\"testuser\",1,0]","query":"SELECT `belajar_nodejs_restful_api`.`users`.`username`, `belajar_nodejs_restful_api`.`users`.`password` FROM `belajar_nodejs_restful_api`.`users` WHERE (`belajar_nodejs_restful_api`.`users`.`username` = ? AND 1=1) LIMIT ? OFFSET ?","target":"quaint::connector::metrics","timestamp":"2025-07-04T17:58:03.737Z"}}
{"level":"info","message":{"duration":0,"params":"[]","query":"BEGIN","target":"quaint::connector::metrics","timestamp":"2025-07-04T17:58:03.820Z"}}
{"level":"info","message":{"duration":2,"params":"[\"testuser\",1,0]","query":"SELECT `belajar_nodejs_restful_api`.`users`.`username` FROM `belajar_nodejs_restful_api`.`users` WHERE (`belajar_nodejs_restful_api`.`users`.`username` = ? AND 1=1) LIMIT ? OFFSET ?","target":"quaint::connector::metrics","timestamp":"2025-07-04T17:58:03.822Z"}}
{"level":"info","message":{"duration":3,"params":"[\"3a789ad5-5c47-43b3-9814-c0ed10d68066\",\"testuser\",\"testuser\"]","query":"UPDATE `belajar_nodejs_restful_api`.`users` SET `token` = ? WHERE (`belajar_nodejs_restful_api`.`users`.`username` IN (?) AND (`belajar_nodejs_restful_api`.`users`.`username` = ? AND 1=1))","target":"quaint::connector::metrics","timestamp":"2025-07-04T17:58:03.826Z"}}
{"level":"info","message":{"duration":2,"params":"[\"testuser\",1,0]","query":"SELECT `belajar_nodejs_restful_api`.`users`.`username`, `belajar_nodejs_restful_api`.`users`.`token` FROM `belajar_nodejs_restful_api`.`users` WHERE `belajar_nodejs_restful_api`.`users`.`username` = ? LIMIT ? OFFSET ?","target":"quaint::connector::metrics","timestamp":"2025-07-04T17:58:03.830Z"}}
{"level":"info","message":{"duration":5,"params":"[]","query":"COMMIT","target":"quaint::connector::metrics","timestamp":"2025-07-04T17:58:03.835Z"}}
{"level":"info","message":{"data":{"token":"3a789ad5-5c47-43b3-9814-c0ed10d68066"}}}
{"level":"info","message":{"duration":4,"params":"[\"testuser\"]","query":"DELETE FROM `belajar_nodejs_restful_api`.`users` WHERE `belajar_nodejs_restful_api`.`users`.`username` = ?","target":"quaint::connector::metrics","timestamp":"2025-07-04T17:58:03.846Z"}}
{"level":"info","message":"Starting a mysql pool with 5 connections.","target":"quaint::pooled","timestamp":"2025-07-04T17:59:19.802Z"}
{"level":"info","message":{"duration":0,"params":"[\"testuser\"]","query":"SELECT COUNT(*) AS `_count._all` FROM (SELECT `belajar_nodejs_restful_api`.`users`.`username` FROM `belajar_nodejs_restful_api`.`users` WHERE `belajar_nodejs_restful_api`.`users`.`username` = ?) AS `sub`","target":"quaint::connector::metrics","timestamp":"2025-07-04T17:59:19.808Z"}}
{"level":"info","message":{"duration":0,"params":"[]","query":"BEGIN","target":"quaint::connector::metrics","timestamp":"2025-07-04T17:59:19.888Z"}}
{"level":"info","message":{"duration":3,"params":"[\"testuser\",\"$2b$10$0DKIWk4fX.PfcFJMZZOkI.oS0QPYmSEKzafqUjxHzSbPFjvMOAnba\",\"Test User\"]","query":"INSERT INTO `belajar_nodejs_restful_api`.`users` (`username`,`password`,`name`) VALUES (?,?,?)","target":"quaint::connector::metrics","timestamp":"2025-07-04T17:59:19.892Z"}}
{"level":"info","message":{"duration":0,"params":"[\"testuser\",1,0]","query":"SELECT `belajar_nodejs_restful_api`.`users`.`username`, `belajar_nodejs_restful_api`.`users`.`name` FROM `belajar_nodejs_restful_api`.`users` WHERE `belajar_nodejs_restful_api`.`users`.`username` = ? LIMIT ? OFFSET ?","target":"quaint::connector::metrics","timestamp":"2025-07-04T17:59:19.893Z"}}
{"level":"info","message":{"duration":2,"params":"[]","query":"COMMIT","target":"quaint::connector::metrics","timestamp":"2025-07-04T17:59:19.896Z"}}
{"level":"info","message":{"duration":3,"params":"[\"testuser\"]","query":"DELETE FROM `belajar_nodejs_restful_api`.`users` WHERE `belajar_nodejs_restful_api`.`users`.`username` = ?","target":"quaint::connector::metrics","timestamp":"2025-07-04T17:59:19.909Z"}}
{"level":"info","message":{"error":"\"username\" is not allowed to be empty. \"password\" is not allowed to be empty. \"name\" is not allowed to be empty"}}
{"level":"info","message":{"duration":0,"params":"[\"testuser\"]","query":"DELETE FROM `belajar_nodejs_restful_api`.`users` WHERE `belajar_nodejs_restful_api`.`users`.`username` = ?","target":"quaint::connector::metrics","timestamp":"2025-07-04T17:59:19.927Z"}}
{"level":"info","message":{"error":"\"username\" is not allowed to be empty"}}
{"level":"info","message":{"duration":0,"params":"[\"testuser\"]","query":"DELETE FROM `belajar_nodejs_restful_api`.`users` WHERE `belajar_nodejs_restful_api`.`users`.`username` = ?","target":"quaint::connector::metrics","timestamp":"2025-07-04T17:59:19.939Z"}}
{"level":"info","message":{"error":"\"password\" is not allowed to be empty"}}
{"level":"info","message":{"duration":0,"params":"[\"testuser\"]","query":"DELETE FROM `belajar_nodejs_restful_api`.`users` WHERE `belajar_nodejs_restful_api`.`users`.`username` = ?","target":"quaint::connector::metrics","timestamp":"2025-07-04T17:59:19.954Z"}}
{"level":"info","message":{"error":"\"name\" is not allowed to be empty"}}
{"level":"info","message":{"duration":0,"params":"[\"testuser\"]","query":"DELETE FROM `belajar_nodejs_restful_api`.`users` WHERE `belajar_nodejs_restful_api`.`users`.`username` = ?","target":"quaint::connector::metrics","timestamp":"2025-07-04T17:59:19.967Z"}}
{"level":"info","message":{"duration":0,"params":"[\"testuser\"]","query":"SELECT COUNT(*) AS `_count._all` FROM (SELECT `belajar_nodejs_restful_api`.`users`.`username` FROM `belajar_nodejs_restful_api`.`users` WHERE `belajar_nodejs_restful_api`.`users`.`username` = ?) AS `sub`","target":"quaint::connector::metrics","timestamp":"2025-07-04T17:59:19.976Z"}}
{"level":"info","message":{"duration":0,"params":"[]","query":"BEGIN","target":"quaint::connector::metrics","timestamp":"2025-07-04T17:59:20.071Z"}}
{"level":"info","message":{"duration":1,"params":"[\"testuser\",\"$2b$10$CJ8auJqEK8oqzuV58fl6AejP4MoJflQ7U/P3bzhjdyNFZPezVDI26\",\"Test User\"]","query":"INSERT INTO `belajar_nodejs_restful_api`.`users` (`username`,`password`,`name`) VALUES (?,?,?)","target":"quaint::connector::metrics","timestamp":"2025-07-04T17:59:20.073Z"}}
{"level":"info","message":{"duration":0,"params":"[\"testuser\",1,0]","query":"SELECT `belajar_nodejs_restful_api`.`users`.`username`, `belajar_nodejs_restful_api`.`users`.`name` FROM `belajar_nodejs_restful_api`.`users` WHERE `belajar_nodejs_restful_api`.`users`.`username` = ? LIMIT ? OFFSET ?","target":"quaint::connector::metrics","timestamp":"2025-07-04T17:59:20.074Z"}}
{"level":"info","message":{"duration":2,"params":"[]","query":"COMMIT","target":"quaint::connector::metrics","timestamp":"2025-07-04T17:59:20.077Z"}}
{"level":"info","message":{"data":{"name":"Test User","username":"testuser"}}}
{"level":"info","message":{"duration":0,"params":"[\"testuser\"]","query":"SELECT COUNT(*) AS `_count._all` FROM (SELECT `belajar_nodejs_restful_api`.`users`.`username` FROM `belajar_nodejs_restful_api`.`users` WHERE `belajar_nodejs_restful_api`.`users`.`username` = ?) AS `sub`","target":"quaint::connector::metrics","timestamp":"2025-07-04T17:59:20.083Z"}}
{"level":"info","message":{"error":"Username already exixts"}}
{"level":"info","message":{"duration":3,"params":"[\"testuser\"]","query":"DELETE FROM `belajar_nodejs_restful_api`.`users` WHERE `belajar_nodejs_restful_api`.`users`.`username` = ?","target":"quaint::connector::metrics","timestamp":"2025-07-04T17:59:20.093Z"}}
{"level":"info","message":{"duration":0,"params":"[]","query":"BEGIN","target":"quaint::connector::metrics","timestamp":"2025-07-04T17:59:20.193Z"}}
{"level":"info","message":{"duration":4,"params":"[\"testuser\",\"$2b$10$gP8a4mffsd7ahREu7JTxceqvqWD6i6R.bG2NfHlrPk.oil3K5nzeu\",\"Test User\",\"testtoken\"]","query":"INSERT INTO `belajar_nodejs_restful_api`.`users` (`username`,`password`,`name`,`token`) VALUES (?,?,?,?)","target":"quaint::connector::metrics","timestamp":"2025-07-04T17:59:20.198Z"}}
{"level":"info","message":{"duration":1,"params":"[\"testuser\",1,0]","query":"SELECT `belajar_nodejs_restful_api`.`users`.`username`, `belajar_nodejs_restful_api`.`users`.`password`, `belajar_nodejs_restful_api`.`users`.`name`, `belajar_nodejs_restful_api`.`users`.`token` FROM `belajar_nodejs_restful_api`.`users` WHERE `belajar_nodejs_restful_api`.`users`.`username` = ? LIMIT ? OFFSET ?","target":"quaint::connector::metrics","timestamp":"2025-07-04T17:59:20.199Z"}}
{"level":"info","message":{"duration":2,"params":"[]","query":"COMMIT","target":"quaint::connector::metrics","timestamp":"2025-07-04T17:59:20.202Z"}}
{"level":"info","message":{"duration":2,"params":"[\"testuser\",1,0]","query":"SELECT `belajar_nodejs_restful_api`.`users`.`username`, `belajar_nodejs_restful_api`.`users`.`password` FROM `belajar_nodejs_restful_api`.`users` WHERE (`belajar_nodejs_restful_api`.`users`.`username` = ? AND 1=1) LIMIT ? OFFSET ?","target":"quaint::connector::metrics","timestamp":"2025-07-04T17:59:20.210Z"}}
{"level":"info","message":{"duration":0,"params":"[]","query":"BEGIN","target":"quaint::connector::metrics","timestamp":"2025-07-04T17:59:20.320Z"}}
{"level":"info","message":{"duration":1,"params":"[\"testuser\",1,0]","query":"SELECT `belajar_nodejs_restful_api`.`users`.`username` FROM `belajar_nodejs_restful_api`.`users` WHERE (`belajar_nodejs_restful_api`.`users`.`username` = ? AND 1=1) LIMIT ? OFFSET ?","target":"quaint::connector::metrics","timestamp":"2025-07-04T17:59:20.321Z"}}
{"level":"info","message":{"duration":4,"params":"[\"e90a6703-924b-42ab-a1d7-fb17b7d4226c\",\"testuser\",\"testuser\"]","query":"UPDATE `belajar_nodejs_restful_api`.`users` SET `token` = ? WHERE (`belajar_nodejs_restful_api`.`users`.`username` IN (?) AND (`belajar_nodejs_restful_api`.`users`.`username` = ? AND 1=1))","target":"quaint::connector::metrics","timestamp":"2025-07-04T17:59:20.326Z"}}
{"level":"info","message":{"duration":1,"params":"[\"testuser\",1,0]","query":"SELECT `belajar_nodejs_restful_api`.`users`.`username`, `belajar_nodejs_restful_api`.`users`.`token` FROM `belajar_nodejs_restful_api`.`users` WHERE `belajar_nodejs_restful_api`.`users`.`username` = ? LIMIT ? OFFSET ?","target":"quaint::connector::metrics","timestamp":"2025-07-04T17:59:20.327Z"}}
{"level":"info","message":{"duration":3,"params":"[]","query":"COMMIT","target":"quaint::connector::metrics","timestamp":"2025-07-04T17:59:20.330Z"}}
{"level":"info","message":{"data":{"token":"e90a6703-924b-42ab-a1d7-fb17b7d4226c"}}}
{"level":"info","message":{"duration":3,"params":"[\"testuser\"]","query":"DELETE FROM `belajar_nodejs_restful_api`.`users` WHERE `belajar_nodejs_restful_api`.`users`.`username` = ?","target":"quaint::connector::metrics","timestamp":"2025-07-04T17:59:20.340Z"}}
{"level":"info","message":"Starting a mysql pool with 5 connections.","target":"quaint::pooled","timestamp":"2025-07-04T18:07:09.199Z"}
{"level":"info","message":{"duration":1,"params":"[\"testuser\"]","query":"SELECT COUNT(*) AS `_count._all` FROM (SELECT `belajar_nodejs_restful_api`.`users`.`username` FROM `belajar_nodejs_restful_api`.`users` WHERE `belajar_nodejs_restful_api`.`users`.`username` = ?) AS `sub`","target":"quaint::connector::metrics","timestamp":"2025-07-04T18:07:09.213Z"}}
{"level":"info","message":{"duration":0,"params":"[]","query":"BEGIN","target":"quaint::connector::metrics","timestamp":"2025-07-04T18:07:09.336Z"}}
{"level":"info","message":{"duration":2,"params":"[\"testuser\",\"$2b$10$tkHLajYkNM7vXHnjaWLxGeBE.FpmM7PRF6fc5g92cob0Bk466cyJi\",\"Test User\"]","query":"INSERT INTO `belajar_nodejs_restful_api`.`users` (`username`,`password`,`name`) VALUES (?,?,?)","target":"quaint::connector::metrics","timestamp":"2025-07-04T18:07:09.339Z"}}
{"level":"info","message":{"duration":0,"params":"[\"testuser\",1,0]","query":"SELECT `belajar_nodejs_restful_api`.`users`.`username`, `belajar_nodejs_restful_api`.`users`.`name` FROM `belajar_nodejs_restful_api`.`users` WHERE `belajar_nodejs_restful_api`.`users`.`username` = ? LIMIT ? OFFSET ?","target":"quaint::connector::metrics","timestamp":"2025-07-04T18:07:09.341Z"}}
{"level":"info","message":{"duration":1,"params":"[]","query":"COMMIT","target":"quaint::connector::metrics","timestamp":"2025-07-04T18:07:09.345Z"}}
{"level":"info","message":{"duration":3,"params":"[\"testuser\"]","query":"DELETE FROM `belajar_nodejs_restful_api`.`users` WHERE `belajar_nodejs_restful_api`.`users`.`username` = ?","target":"quaint::connector::metrics","timestamp":"2025-07-04T18:07:09.361Z"}}
{"level":"info","message":{"error":"\"username\" is not allowed to be empty. \"password\" is not allowed to be empty. \"name\" is not allowed to be empty"}}
{"level":"info","message":{"duration":0,"params":"[\"testuser\"]","query":"DELETE FROM `belajar_nodejs_restful_api`.`users` WHERE `belajar_nodejs_restful_api`.`users`.`username` = ?","target":"quaint::connector::metrics","timestamp":"2025-07-04T18:07:09.376Z"}}
{"level":"info","message":{"error":"\"username\" is not allowed to be empty"}}
{"level":"info","message":{"duration":0,"params":"[\"testuser\"]","query":"DELETE FROM `belajar_nodejs_restful_api`.`users` WHERE `belajar_nodejs_restful_api`.`users`.`username` = ?","target":"quaint::connector::metrics","timestamp":"2025-07-04T18:07:09.387Z"}}
{"level":"info","message":{"error":"\"password\" is not allowed to be empty"}}
{"level":"info","message":{"duration":0,"params":"[\"testuser\"]","query":"DELETE FROM `belajar_nodejs_restful_api`.`users` WHERE `belajar_nodejs_restful_api`.`users`.`username` = ?","target":"quaint::connector::metrics","timestamp":"2025-07-04T18:07:09.397Z"}}
{"level":"info","message":{"error":"\"name\" is not allowed to be empty"}}
{"level":"info","message":{"duration":0,"params":"[\"testuser\"]","query":"DELETE FROM `belajar_nodejs_restful_api`.`users` WHERE `belajar_nodejs_restful_api`.`users`.`username` = ?","target":"quaint::connector::metrics","timestamp":"2025-07-04T18:07:09.406Z"}}
{"level":"info","message":{"duration":0,"params":"[\"testuser\"]","query":"SELECT COUNT(*) AS `_count._all` FROM (SELECT `belajar_nodejs_restful_api`.`users`.`username` FROM `belajar_nodejs_restful_api`.`users` WHERE `belajar_nodejs_restful_api`.`users`.`username` = ?) AS `sub`","target":"quaint::connector::metrics","timestamp":"2025-07-04T18:07:09.412Z"}}
{"level":"info","message":{"duration":0,"params":"[]","query":"BEGIN","target":"quaint::connector::metrics","timestamp":"2025-07-04T18:07:09.484Z"}}
{"level":"info","message":{"duration":3,"params":"[\"testuser\",\"$2b$10$rAcuRaju6O9919Ty2zc6SuzvhjOnf0deOeJdDmikKDQyUzr0GKMum\",\"Test User\"]","query":"INSERT INTO `belajar_nodejs_restful_api`.`users` (`username`,`password`,`name`) VALUES (?,?,?)","target":"quaint::connector::metrics","timestamp":"2025-07-04T18:07:09.488Z"}}
{"level":"info","message":{"duration":0,"params":"[\"testuser\",1,0]","query":"SELECT `belajar_nodejs_restful_api`.`users`.`username`, `belajar_nodejs_restful_api`.`users`.`name` FROM `belajar_nodejs_restful_api`.`users` WHERE `belajar_nodejs_restful_api`.`users`.`username` = ? LIMIT ? OFFSET ?","target":"quaint::connector::metrics","timestamp":"2025-07-04T18:07:09.489Z"}}
{"level":"info","message":{"duration":2,"params":"[]","query":"COMMIT","target":"quaint::connector::metrics","timestamp":"2025-07-04T18:07:09.491Z"}}
{"level":"info","message":{"data":{"name":"Test User","username":"testuser"}}}
{"level":"info","message":{"duration":0,"params":"[\"testuser\"]","query":"SELECT COUNT(*) AS `_count._all` FROM (SELECT `belajar_nodejs_restful_api`.`users`.`username` FROM `belajar_nodejs_restful_api`.`users` WHERE `belajar_nodejs_restful_api`.`users`.`username` = ?) AS `sub`","target":"quaint::connector::metrics","timestamp":"2025-07-04T18:07:09.498Z"}}
{"level":"info","message":{"error":"Username already exixts"}}
{"level":"info","message":{"duration":3,"params":"[\"testuser\"]","query":"DELETE FROM `belajar_nodejs_restful_api`.`users` WHERE `belajar_nodejs_restful_api`.`users`.`username` = ?","target":"quaint::connector::metrics","timestamp":"2025-07-04T18:07:09.505Z"}}
{"level":"info","message":{"duration":0,"params":"[]","query":"BEGIN","target":"quaint::connector::metrics","timestamp":"2025-07-04T18:07:09.587Z"}}
{"level":"info","message":{"duration":1,"params":"[\"testuser\",\"$2b$10$C0/JmCmYDDE0vcSuArjADuBN8aHzIiEwqvMMmDmiRHAdKDqtEGlJe\",\"Test User\",\"testtoken\"]","query":"INSERT INTO `belajar_nodejs_restful_api`.`users` (`username`,`password`,`name`,`token`) VALUES (?,?,?,?)","target":"quaint::connector::metrics","timestamp":"2025-07-04T18:07:09.589Z"}}
{"level":"info","message":{"duration":0,"params":"[\"testuser\",1,0]","query":"SELECT `belajar_nodejs_restful_api`.`users`.`username`, `belajar_nodejs_restful_api`.`users`.`password`, `belajar_nodejs_restful_api`.`users`.`name`, `belajar_nodejs_restful_api`.`users`.`token` FROM `belajar_nodejs_restful_api`.`users` WHERE `belajar_nodejs_restful_api`.`users`.`username` = ? LIMIT ? OFFSET ?","target":"quaint::connector::metrics","timestamp":"2025-07-04T18:07:09.590Z"}}
{"level":"info","message":{"duration":1,"params":"[]","query":"COMMIT","target":"quaint::connector::metrics","timestamp":"2025-07-04T18:07:09.592Z"}}
{"level":"info","message":{"duration":1,"params":"[\"testuser\",1,0]","query":"SELECT `belajar_nodejs_restful_api`.`users`.`username`, `belajar_nodejs_restful_api`.`users`.`password` FROM `belajar_nodejs_restful_api`.`users` WHERE (`belajar_nodejs_restful_api`.`users`.`username` = ? AND 1=1) LIMIT ? OFFSET ?","target":"quaint::connector::metrics","timestamp":"2025-07-04T18:07:09.600Z"}}
{"level":"info","message":{"duration":0,"params":"[]","query":"BEGIN","target":"quaint::connector::metrics","timestamp":"2025-07-04T18:07:09.691Z"}}
{"level":"info","message":{"duration":1,"params":"[\"testuser\",1,0]","query":"SELECT `belajar_nodejs_restful_api`.`users`.`username` FROM `belajar_nodejs_restful_api`.`users` WHERE (`belajar_nodejs_restful_api`.`users`.`username` = ? AND 1=1) LIMIT ? OFFSET ?","target":"quaint::connector::metrics","timestamp":"2025-07-04T18:07:09.693Z"}}
{"level":"info","message":{"duration":3,"params":"[\"16bc3d7d-c23b-45f6-be04-9ac8e3a9038c\",\"testuser\",\"testuser\"]","query":"UPDATE `belajar_nodejs_restful_api`.`users` SET `token` = ? WHERE (`belajar_nodejs_restful_api`.`users`.`username` IN (?) AND (`belajar_nodejs_restful_api`.`users`.`username` = ? AND 1=1))","target":"quaint::connector::metrics","timestamp":"2025-07-04T18:07:09.696Z"}}
{"level":"info","message":{"duration":0,"params":"[\"testuser\",1,0]","query":"SELECT `belajar_nodejs_restful_api`.`users`.`username`, `belajar_nodejs_restful_api`.`users`.`token` FROM `belajar_nodejs_restful_api`.`users` WHERE `belajar_nodejs_restful_api`.`users`.`username` = ? LIMIT ? OFFSET ?","target":"quaint::connector::metrics","timestamp":"2025-07-04T18:07:09.697Z"}}
{"level":"info","message":{"duration":2,"params":"[]","query":"COMMIT","target":"quaint::connector::metrics","timestamp":"2025-07-04T18:07:09.699Z"}}
{"level":"info","message":{"data":{"token":"16bc3d7d-c23b-45f6-be04-9ac8e3a9038c"}}}
{"level":"info","message":{"duration":3,"params":"[\"testuser\"]","query":"DELETE FROM `belajar_nodejs_restful_api`.`users` WHERE `belajar_nodejs_restful_api`.`users`.`username` = ?","target":"quaint::connector::metrics","timestamp":"2025-07-04T18:07:09.706Z"}}
{"level":"info","message":{"duration":0,"params":"[]","query":"BEGIN","target":"quaint::connector::metrics","timestamp":"2025-07-04T18:07:09.793Z"}}
{"level":"info","message":{"duration":3,"params":"[\"testuser\",\"$2b$10$n/AYIirNVsbQjJZWUjYKXOri.ZIE7FT6xyXXfxPe.cRomU829hsYa\",\"Test User\",\"testtoken\"]","query":"INSERT INTO `belajar_nodejs_restful_api`.`users` (`username`,`password`,`name`,`token`) VALUES (?,?,?,?)","target":"quaint::connector::metrics","timestamp":"2025-07-04T18:07:09.796Z"}}
{"level":"info","message":{"duration":0,"params":"[\"testuser\",1,0]","query":"SELECT `belajar_nodejs_restful_api`.`users`.`username`, `belajar_nodejs_restful_api`.`users`.`password`, `belajar_nodejs_restful_api`.`users`.`name`, `belajar_nodejs_restful_api`.`users`.`token` FROM `belajar_nodejs_restful_api`.`users` WHERE `belajar_nodejs_restful_api`.`users`.`username` = ? LIMIT ? OFFSET ?","target":"quaint::connector::metrics","timestamp":"2025-07-04T18:07:09.798Z"}}
{"level":"info","message":{"duration":114,"params":"[]","query":"COMMIT","target":"quaint::connector::metrics","timestamp":"2025-07-04T18:07:09.912Z"}}
{"level":"info","message":{"error":"\"username\" is not allowed to be empty. \"password\" is not allowed to be empty"}}
{"level":"info","message":{"duration":58,"params":"[\"testuser\"]","query":"DELETE FROM `belajar_nodejs_restful_api`.`users` WHERE `belajar_nodejs_restful_api`.`users`.`username` = ?","target":"quaint::connector::metrics","timestamp":"2025-07-04T18:07:09.995Z"}}
{"level":"info","message":{"duration":0,"params":"[]","query":"BEGIN","target":"quaint::connector::metrics","timestamp":"2025-07-04T18:07:10.114Z"}}
{"level":"info","message":{"duration":3,"params":"[\"testuser\",\"$2b$10$k4JOv2B6TBKymnqWmePOPu8MCC6DjwSMcg/7lqAXCIaqbv9lUDq6i\",\"Test User\",\"testtoken\"]","query":"INSERT INTO `belajar_nodejs_restful_api`.`users` (`username`,`password`,`name`,`token`) VALUES (?,?,?,?)","target":"quaint::connector::metrics","timestamp":"2025-07-04T18:07:10.118Z"}}
{"level":"info","message":{"duration":0,"params":"[\"testuser\",1,0]","query":"SELECT `belajar_nodejs_restful_api`.`users`.`username`, `belajar_nodejs_restful_api`.`users`.`password`, `belajar_nodejs_restful_api`.`users`.`name`, `belajar_nodejs_restful_api`.`users`.`token` FROM `belajar_nodejs_restful_api`.`users` WHERE `belajar_nodejs_restful_api`.`users`.`username` = ? LIMIT ? OFFSET ?","target":"quaint::connector::metrics","timestamp":"2025-07-04T18:07:10.119Z"}}
{"level":"info","message":{"duration":3,"params":"[]","query":"COMMIT","target":"quaint::connector::metrics","timestamp":"2025-07-04T18:07:10.122Z"}}
{"level":"info","message":{"error":"\"password\" is not allowed to be empty"}}
{"level":"info","message":{"duration":3,"params":"[\"testuser\"]","query":"DELETE FROM `belajar_nodejs_restful_api`.`users` WHERE `belajar_nodejs_restful_api`.`users`.`username` = ?","target":"quaint::connector::metrics","timestamp":"2025-07-04T18:07:10.136Z"}}
{"level":"info","message":{"duration":0,"params":"[]","query":"BEGIN","target":"quaint::connector::metrics","timestamp":"2025-07-04T18:07:10.230Z"}}
{"level":"info","message":{"duration":1,"params":"[\"testuser\",\"$2b$10$dP4MCyx9NbDnd5L0F1jC5.nZ8keSQHubpbQ470zLAj1zUpwUksNG2\",\"Test User\",\"testtoken\"]","query":"INSERT INTO `belajar_nodejs_restful_api`.`users` (`username`,`password`,`name`,`token`) VALUES (?,?,?,?)","target":"quaint::connector::metrics","timestamp":"2025-07-04T18:07:10.232Z"}}
{"level":"info","message":{"duration":0,"params":"[\"testuser\",1,0]","query":"SELECT `belajar_nodejs_restful_api`.`users`.`username`, `belajar_nodejs_restful_api`.`users`.`password`, `belajar_nodejs_restful_api`.`users`.`name`, `belajar_nodejs_restful_api`.`users`.`token` FROM `belajar_nodejs_restful_api`.`users` WHERE `belajar_nodejs_restful_api`.`users`.`username` = ? LIMIT ? OFFSET ?","target":"quaint::connector::metrics","timestamp":"2025-07-04T18:07:10.232Z"}}
{"level":"info","message":{"duration":2,"params":"[]","query":"COMMIT","target":"quaint::connector::metrics","timestamp":"2025-07-04T18:07:10.234Z"}}
{"level":"info","message":{"error":"\"username\" is not allowed to be empty"}}
{"level":"info","message":{"duration":3,"params":"[\"testuser\"]","query":"DELETE FROM `belajar_nodejs_restful_api`.`users` WHERE `belajar_nodejs_restful_api`.`users`.`username` = ?","target":"quaint::connector::metrics","timestamp":"2025-07-04T18:07:10.244Z"}}
{"level":"info","message":{"duration":0,"params":"[]","query":"BEGIN","target":"quaint::connector::metrics","timestamp":"2025-07-04T18:07:10.323Z"}}
{"level":"info","message":{"duration":3,"params":"[\"testuser\",\"$2b$10$JE.Jc.ALFWCqCZSZOonE5.tsaStw/EXVg8.Rey3HUBfx/b7To.qDK\",\"Test User\",\"testtoken\"]","query":"INSERT INTO `belajar_nodejs_restful_api`.`users` (`username`,`password`,`name`,`token`) VALUES (?,?,?,?)","target":"quaint::connector::metrics","timestamp":"2025-07-04T18:07:10.327Z"}}
{"level":"info","message":{"duration":0,"params":"[\"testuser\",1,0]","query":"SELECT `belajar_nodejs_restful_api`.`users`.`username`, `belajar_nodejs_restful_api`.`users`.`password`, `belajar_nodejs_restful_api`.`users`.`name`, `belajar_nodejs_restful_api`.`users`.`token` FROM `belajar_nodejs_restful_api`.`users` WHERE `belajar_nodejs_restful_api`.`users`.`username` = ? LIMIT ? OFFSET ?","target":"quaint::connector::metrics","timestamp":"2025-07-04T18:07:10.328Z"}}
{"level":"info","message":{"duration":4,"params":"[]","query":"COMMIT","target":"quaint::connector::metrics","timestamp":"2025-07-04T18:07:10.333Z"}}
{"level":"info","message":{"duration":0,"params":"[\"salah\",1,0]","query":"SELECT `belajar_nodejs_restful_api`.`users`.`username`, `belajar_nodejs_restful_api`.`users`.`password` FROM `belajar_nodejs_restful_api`.`users` WHERE (`belajar_nodejs_restful_api`.`users`.`username` = ? AND 1=1) LIMIT ? OFFSET ?","target":"quaint::connector::metrics","timestamp":"2025-07-04T18:07:10.339Z"}}
{"level":"info","message":{"error":"Invalid username or password"}}
{"level":"info","message":{"duration":3,"params":"[\"testuser\"]","query":"DELETE FROM `belajar_nodejs_restful_api`.`users` WHERE `belajar_nodejs_restful_api`.`users`.`username` = ?","target":"quaint::connector::metrics","timestamp":"2025-07-04T18:07:10.357Z"}}
{"level":"info","message":"Starting a mysql pool with 5 connections.","target":"quaint::pooled","timestamp":"2025-07-04T18:16:36.831Z"}
{"level":"info","message":{"duration":1,"params":"[\"testuser\"]","query":"SELECT COUNT(*) AS `_count._all` FROM (SELECT `belajar_nodejs_restful_api`.`users`.`username` FROM `belajar_nodejs_restful_api`.`users` WHERE `belajar_nodejs_restful_api`.`users`.`username` = ?) AS `sub`","target":"quaint::connector::metrics","timestamp":"2025-07-04T18:16:36.837Z"}}
{"level":"info","message":{"duration":0,"params":"[]","query":"BEGIN","target":"quaint::connector::metrics","timestamp":"2025-07-04T18:16:36.920Z"}}
{"level":"info","message":{"duration":1,"params":"[\"testuser\",\"$2b$10$UrQ.zspLkPEfLL.jCsUL1OGNgDmGmnVowvrEUCvTqFuG6kxQFrvTe\",\"Test User\"]","query":"INSERT INTO `belajar_nodejs_restful_api`.`users` (`username`,`password`,`name`) VALUES (?,?,?)","target":"quaint::connector::metrics","timestamp":"2025-07-04T18:16:36.921Z"}}
{"level":"info","message":{"duration":1,"params":"[\"testuser\",1,0]","query":"SELECT `belajar_nodejs_restful_api`.`users`.`username`, `belajar_nodejs_restful_api`.`users`.`name` FROM `belajar_nodejs_restful_api`.`users` WHERE `belajar_nodejs_restful_api`.`users`.`username` = ? LIMIT ? OFFSET ?","target":"quaint::connector::metrics","timestamp":"2025-07-04T18:16:36.923Z"}}
{"level":"info","message":{"duration":3,"params":"[]","query":"COMMIT","target":"quaint::connector::metrics","timestamp":"2025-07-04T18:16:36.926Z"}}
{"level":"info","message":{"duration":2,"params":"[\"testuser\"]","query":"DELETE FROM `belajar_nodejs_restful_api`.`users` WHERE `belajar_nodejs_restful_api`.`users`.`username` = ?","target":"quaint::connector::metrics","timestamp":"2025-07-04T18:16:36.948Z"}}
{"level":"info","message":{"error":"\"username\" is not allowed to be empty. \"password\" is not allowed to be empty. \"name\" is not allowed to be empty"}}
{"level":"info","message":{"duration":0,"params":"[\"testuser\"]","query":"DELETE FROM `belajar_nodejs_restful_api`.`users` WHERE `belajar_nodejs_restful_api`.`users`.`username` = ?","target":"quaint::connector::metrics","timestamp":"2025-07-04T18:16:36.960Z"}}
{"level":"info","message":{"error":"\"username\" is not allowed to be empty"}}
{"level":"info","message":{"duration":0,"params":"[\"testuser\"]","query":"DELETE FROM `belajar_nodejs_restful_api`.`users` WHERE `belajar_nodejs_restful_api`.`users`.`username` = ?","target":"quaint::connector::metrics","timestamp":"2025-07-04T18:16:36.974Z"}}
{"level":"info","message":{"error":"\"password\" is not allowed to be empty"}}
{"level":"info","message":{"duration":0,"params":"[\"testuser\"]","query":"DELETE FROM `belajar_nodejs_restful_api`.`users` WHERE `belajar_nodejs_restful_api`.`users`.`username` = ?","target":"quaint::connector::metrics","timestamp":"2025-07-04T18:16:36.983Z"}}
{"level":"info","message":{"error":"\"name\" is not allowed to be empty"}}
{"level":"info","message":{"duration":0,"params":"[\"testuser\"]","query":"DELETE FROM `belajar_nodejs_restful_api`.`users` WHERE `belajar_nodejs_restful_api`.`users`.`username` = ?","target":"quaint::connector::metrics","timestamp":"2025-07-04T18:16:36.992Z"}}
{"level":"info","message":{"duration":0,"params":"[\"testuser\"]","query":"SELECT COUNT(*) AS `_count._all` FROM (SELECT `belajar_nodejs_restful_api`.`users`.`username` FROM `belajar_nodejs_restful_api`.`users` WHERE `belajar_nodejs_restful_api`.`users`.`username` = ?) AS `sub`","target":"quaint::connector::metrics","timestamp":"2025-07-04T18:16:36.999Z"}}
{"level":"info","message":{"duration":0,"params":"[]","query":"BEGIN","target":"quaint::connector::metrics","timestamp":"2025-07-04T18:16:37.072Z"}}
{"level":"info","message":{"duration":0,"params":"[\"testuser\",\"$2b$10$VKJvYRsVk.C7zJh2gEfZtOIfGDjxvjAPm51QuZp34sO2Ar7dOU4MC\",\"Test User\"]","query":"INSERT INTO `belajar_nodejs_restful_api`.`users` (`username`,`password`,`name`) VALUES (?,?,?)","target":"quaint::connector::metrics","timestamp":"2025-07-04T18:16:37.073Z"}}
{"level":"info","message":{"duration":0,"params":"[\"testuser\",1,0]","query":"SELECT `belajar_nodejs_restful_api`.`users`.`username`, `belajar_nodejs_restful_api`.`users`.`name` FROM `belajar_nodejs_restful_api`.`users` WHERE `belajar_nodejs_restful_api`.`users`.`username` = ? LIMIT ? OFFSET ?","target":"quaint::connector::metrics","timestamp":"2025-07-04T18:16:37.074Z"}}
{"level":"info","message":{"duration":4,"params":"[]","query":"COMMIT","target":"quaint::connector::metrics","timestamp":"2025-07-04T18:16:37.078Z"}}
{"level":"info","message":{"data":{"name":"Test User","username":"testuser"}}}
{"level":"info","message":{"duration":0,"params":"[\"testuser\"]","query":"SELECT COUNT(*) AS `_count._all` FROM (SELECT `belajar_nodejs_restful_api`.`users`.`username` FROM `belajar_nodejs_restful_api`.`users` WHERE `belajar_nodejs_restful_api`.`users`.`username` = ?) AS `sub`","target":"quaint::connector::metrics","timestamp":"2025-07-04T18:16:37.087Z"}}
{"level":"info","message":{"error":"Username already exixts"}}
{"level":"info","message":{"duration":2,"params":"[\"testuser\"]","query":"DELETE FROM `belajar_nodejs_restful_api`.`users` WHERE `belajar_nodejs_restful_api`.`users`.`username` = ?","target":"quaint::connector::metrics","timestamp":"2025-07-04T18:16:37.095Z"}}
{"level":"info","message":{"duration":0,"params":"[]","query":"BEGIN","target":"quaint::connector::metrics","timestamp":"2025-07-04T18:16:37.177Z"}}
{"level":"info","message":{"duration":3,"params":"[\"testuser\",\"$2b$10$Ub1AprL5JkslMCCH9vRYt.PzyEKq8jvYdDW4R6ybmMOQl50XGAZM6\",\"Test User\",\"testtoken\"]","query":"INSERT INTO `belajar_nodejs_restful_api`.`users` (`username`,`password`,`name`,`token`) VALUES (?,?,?,?)","target":"quaint::connector::metrics","timestamp":"2025-07-04T18:16:37.181Z"}}
{"level":"info","message":{"duration":0,"params":"[\"testuser\",1,0]","query":"SELECT `belajar_nodejs_restful_api`.`users`.`username`, `belajar_nodejs_restful_api`.`users`.`password`, `belajar_nodejs_restful_api`.`users`.`name`, `belajar_nodejs_restful_api`.`users`.`token` FROM `belajar_nodejs_restful_api`.`users` WHERE `belajar_nodejs_restful_api`.`users`.`username` = ? LIMIT ? OFFSET ?","target":"quaint::connector::metrics","timestamp":"2025-07-04T18:16:37.182Z"}}
{"level":"info","message":{"duration":2,"params":"[]","query":"COMMIT","target":"quaint::connector::metrics","timestamp":"2025-07-04T18:16:37.184Z"}}
{"level":"info","message":{"duration":1,"params":"[\"testuser\",1,0]","query":"SELECT `belajar_nodejs_restful_api`.`users`.`username`, `belajar_nodejs_restful_api`.`users`.`password` FROM `belajar_nodejs_restful_api`.`users` WHERE (`belajar_nodejs_restful_api`.`users`.`username` = ? AND 1=1) LIMIT ? OFFSET ?","target":"quaint::connector::metrics","timestamp":"2025-07-04T18:16:37.198Z"}}
{"level":"info","message":{"duration":0,"params":"[]","query":"BEGIN","target":"quaint::connector::metrics","timestamp":"2025-07-04T18:16:37.287Z"}}
{"level":"info","message":{"duration":1,"params":"[\"testuser\",1,0]","query":"SELECT `belajar_nodejs_restful_api`.`users`.`username` FROM `belajar_nodejs_restful_api`.`users` WHERE (`belajar_nodejs_restful_api`.`users`.`username` = ? AND 1=1) LIMIT ? OFFSET ?","target":"quaint::connector::metrics","timestamp":"2025-07-04T18:16:37.289Z"}}
{"level":"info","message":{"duration":1,"params":"[\"9d3f0db2-d1b6-49fb-a62e-c5ef572b0ecd\",\"testuser\",\"testuser\"]","query":"UPDATE `belajar_nodejs_restful_api`.`users` SET `token` = ? WHERE (`belajar_nodejs_restful_api`.`users`.`username` IN (?) AND (`belajar_nodejs_restful_api`.`users`.`username` = ? AND 1=1))","target":"quaint::connector::metrics","timestamp":"2025-07-04T18:16:37.290Z"}}
{"level":"info","message":{"duration":1,"params":"[\"testuser\",1,0]","query":"SELECT `belajar_nodejs_restful_api`.`users`.`username`, `belajar_nodejs_restful_api`.`users`.`token` FROM `belajar_nodejs_restful_api`.`users` WHERE `belajar_nodejs_restful_api`.`users`.`username` = ? LIMIT ? OFFSET ?","target":"quaint::connector::metrics","timestamp":"2025-07-04T18:16:37.292Z"}}
{"level":"info","message":{"duration":5,"params":"[]","query":"COMMIT","target":"quaint::connector::metrics","timestamp":"2025-07-04T18:16:37.298Z"}}
{"level":"info","message":{"data":{"token":"9d3f0db2-d1b6-49fb-a62e-c5ef572b0ecd"}}}
{"level":"info","message":{"duration":1,"params":"[\"testuser\"]","query":"DELETE FROM `belajar_nodejs_restful_api`.`users` WHERE `belajar_nodejs_restful_api`.`users`.`username` = ?","target":"quaint::connector::metrics","timestamp":"2025-07-04T18:16:37.323Z"}}
{"level":"info","message":{"duration":0,"params":"[]","query":"BEGIN","target":"quaint::connector::metrics","timestamp":"2025-07-04T18:16:37.411Z"}}
{"level":"info","message":{"duration":1,"params":"[\"testuser\",\"$2b$10$nNbyqXOy9l2XMbdw1GQ7uOl/HEeJBkG7ISrgoGgtqvjeYF4ovuLzO\",\"Test User\",\"testtoken\"]","query":"INSERT INTO `belajar_nodejs_restful_api`.`users` (`username`,`password`,`name`,`token`) VALUES (?,?,?,?)","target":"quaint::connector::metrics","timestamp":"2025-07-04T18:16:37.413Z"}}
{"level":"info","message":{"duration":0,"params":"[\"testuser\",1,0]","query":"SELECT `belajar_nodejs_restful_api`.`users`.`username`, `belajar_nodejs_restful_api`.`users`.`password`, `belajar_nodejs_restful_api`.`users`.`name`, `belajar_nodejs_restful_api`.`users`.`token` FROM `belajar_nodejs_restful_api`.`users` WHERE `belajar_nodejs_restful_api`.`users`.`username` = ? LIMIT ? OFFSET ?","target":"quaint::connector::metrics","timestamp":"2025-07-04T18:16:37.414Z"}}
{"level":"info","message":{"duration":2,"params":"[]","query":"COMMIT","target":"quaint::connector::metrics","timestamp":"2025-07-04T18:16:37.416Z"}}
{"level":"info","message":{"error":"\"username\" is not allowed to be empty. \"password\" is not allowed to be empty"}}
{"level":"info","message":{"duration":2,"params":"[\"testuser\"]","query":"DELETE FROM `belajar_nodejs_restful_api`.`users` WHERE `belajar_nodejs_restful_api`.`users`.`username` = ?","target":"quaint::connector::metrics","timestamp":"2025-07-04T18:16:37.425Z"}}
{"level":"info","message":{"duration":0,"params":"[]","query":"BEGIN","target":"quaint::connector::metrics","timestamp":"2025-07-04T18:16:37.508Z"}}
{"level":"info","message":{"duration":0,"params":"[\"testuser\",\"$2b$10$8qtb1khkNmOuYYjXM5YR4uTnC/YcLdsvxfaC8qO8vzZeGI/xart..\",\"Test User\",\"testtoken\"]","query":"INSERT INTO `belajar_nodejs_restful_api`.`users` (`username`,`password`,`name`,`token`) VALUES (?,?,?,?)","target":"quaint::connector::metrics","timestamp":"2025-07-04T18:16:37.509Z"}}
{"level":"info","message":{"duration":0,"params":"[\"testuser\",1,0]","query":"SELECT `belajar_nodejs_restful_api`.`users`.`username`, `belajar_nodejs_restful_api`.`users`.`password`, `belajar_nodejs_restful_api`.`users`.`name`, `belajar_nodejs_restful_api`.`users`.`token` FROM `belajar_nodejs_restful_api`.`users` WHERE `belajar_nodejs_restful_api`.`users`.`username` = ? LIMIT ? OFFSET ?","target":"quaint::connector::metrics","timestamp":"2025-07-04T18:16:37.510Z"}}
{"level":"info","message":{"duration":6,"params":"[]","query":"COMMIT","target":"quaint::connector::metrics","timestamp":"2025-07-04T18:16:37.517Z"}}
{"level":"info","message":{"error":"\"password\" is not allowed to be empty"}}
{"level":"info","message":{"duration":2,"params":"[\"testuser\"]","query":"DELETE FROM `belajar_nodejs_restful_api`.`users` WHERE `belajar_nodejs_restful_api`.`users`.`username` = ?","target":"quaint::connector::metrics","timestamp":"2025-07-04T18:16:37.529Z"}}
{"level":"info","message":{"duration":0,"params":"[]","query":"BEGIN","target":"quaint::connector::metrics","timestamp":"2025-07-04T18:16:37.640Z"}}
{"level":"info","message":{"duration":1,"params":"[\"testuser\",\"$2b$10$eUWElFYfeK7tlB4RyWaYb.wSZywt9fFxJl/hW5gFmDzKXxLgr/gLm\",\"Test User\",\"testtoken\"]","query":"INSERT INTO `belajar_nodejs_restful_api`.`users` (`username`,`password`,`name`,`token`) VALUES (?,?,?,?)","target":"quaint::connector::metrics","timestamp":"2025-07-04T18:16:37.641Z"}}
{"level":"info","message":{"duration":0,"params":"[\"testuser\",1,0]","query":"SELECT `belajar_nodejs_restful_api`.`users`.`username`, `belajar_nodejs_restful_api`.`users`.`password`, `belajar_nodejs_restful_api`.`users`.`name`, `belajar_nodejs_restful_api`.`users`.`token` FROM `belajar_nodejs_restful_api`.`users` WHERE `belajar_nodejs_restful_api`.`users`.`username` = ? LIMIT ? OFFSET ?","target":"quaint::connector::metrics","timestamp":"2025-07-04T18:16:37.642Z"}}
{"level":"info","message":{"duration":6,"params":"[]","query":"COMMIT","target":"quaint::connector::metrics","timestamp":"2025-07-04T18:16:37.649Z"}}
{"level":"info","message":{"error":"\"username\" is not allowed to be empty"}}
{"level":"info","message":{"duration":2,"params":"[\"testuser\"]","query":"DELETE FROM `belajar_nodejs_restful_api`.`users` WHERE `belajar_nodejs_restful_api`.`users`.`username` = ?","target":"quaint::connector::metrics","timestamp":"2025-07-04T18:16:37.658Z"}}
{"level":"info","message":{"duration":3,"params":"[]","query":"BEGIN","target":"quaint::connector::metrics","timestamp":"2025-07-04T18:16:37.771Z"}}
{"level":"info","message":{"duration":2,"params":"[\"testuser\",\"$2b$10$l6CQ8mBg.QHshhJsGZ80beSdRyzcE89ameEdobKJCqIQi.9zPwrgm\",\"Test User\",\"testtoken\"]","query":"INSERT INTO `belajar_nodejs_restful_api`.`users` (`username`,`password`,`name`,`token`) VALUES (?,?,?,?)","target":"quaint::connector::metrics","timestamp":"2025-07-04T18:16:37.773Z"}}
{"level":"info","message":{"duration":0,"params":"[\"testuser\",1,0]","query":"SELECT `belajar_nodejs_restful_api`.`users`.`username`, `belajar_nodejs_restful_api`.`users`.`password`, `belajar_nodejs_restful_api`.`users`.`name`, `belajar_nodejs_restful_api`.`users`.`token` FROM `belajar_nodejs_restful_api`.`users` WHERE `belajar_nodejs_restful_api`.`users`.`username` = ? LIMIT ? OFFSET ?","target":"quaint::connector::metrics","timestamp":"2025-07-04T18:16:37.774Z"}}
{"level":"info","message":{"duration":4,"params":"[]","query":"COMMIT","target":"quaint::connector::metrics","timestamp":"2025-07-04T18:16:37.779Z"}}
{"level":"info","message":{"duration":0,"params":"[\"testuser\",1,0]","query":"SELECT `belajar_nodejs_restful_api`.`users`.`username`, `belajar_nodejs_restful_api`.`users`.`password` FROM `belajar_nodejs_restful_api`.`users` WHERE (`belajar_nodejs_restful_api`.`users`.`username` = ? AND 1=1) LIMIT ? OFFSET ?","target":"quaint::connector::metrics","timestamp":"2025-07-04T18:16:37.786Z"}}
{"level":"info","message":{"error":"Invalid username or password"}}
{"level":"info","message":{"duration":6,"params":"[\"testuser\"]","query":"DELETE FROM `belajar_nodejs_restful_api`.`users` WHERE `belajar_nodejs_restful_api`.`users`.`username` = ?","target":"quaint::connector::metrics","timestamp":"2025-07-04T18:16:37.903Z"}}
{"level":"info","message":{"duration":1,"params":"[]","query":"BEGIN","target":"quaint::connector::metrics","timestamp":"2025-07-04T18:16:37.986Z"}}
{"level":"info","message":{"duration":3,"params":"[\"testuser\",\"$2b$10$qn34T0F71ZldaTBD.rZH2uzLetd1OYg8Fjfo2mk4ybl0CUEE5tQNm\",\"Test User\",\"testtoken\"]","query":"INSERT INTO `belajar_nodejs_restful_api`.`users` (`username`,`password`,`name`,`token`) VALUES (?,?,?,?)","target":"quaint::connector::metrics","timestamp":"2025-07-04T18:16:37.990Z"}}
{"level":"info","message":{"duration":0,"params":"[\"testuser\",1,0]","query":"SELECT `belajar_nodejs_restful_api`.`users`.`username`, `belajar_nodejs_restful_api`.`users`.`password`, `belajar_nodejs_restful_api`.`users`.`name`, `belajar_nodejs_restful_api`.`users`.`token` FROM `belajar_nodejs_restful_api`.`users` WHERE `belajar_nodejs_restful_api`.`users`.`username` = ? LIMIT ? OFFSET ?","target":"quaint::connector::metrics","timestamp":"2025-07-04T18:16:37.991Z"}}
{"level":"info","message":{"duration":1,"params":"[]","query":"COMMIT","target":"quaint::connector::metrics","timestamp":"2025-07-04T18:16:37.993Z"}}
{"level":"info","message":{"duration":0,"params":"[\"salah\",1,0]","query":"SELECT `belajar_nodejs_restful_api`.`users`.`username`, `belajar_nodejs_restful_api`.`users`.`password` FROM `belajar_nodejs_restful_api`.`users` WHERE (`belajar_nodejs_restful_api`.`users`.`username` = ? AND 1=1) LIMIT ? OFFSET ?","target":"quaint::connector::metrics","timestamp":"2025-07-04T18:16:37.999Z"}}
{"level":"info","message":{"error":"Invalid username or password"}}
{"level":"info","message":{"duration":2,"params":"[\"testuser\"]","query":"DELETE FROM `belajar_nodejs_restful_api`.`users` WHERE `belajar_nodejs_restful_api`.`users`.`username` = ?","target":"quaint::connector::metrics","timestamp":"2025-07-04T18:16:38.006Z"}}
{"level":"info","message":{"duration":0,"params":"[]","query":"BEGIN","target":"quaint::connector::metrics","timestamp":"2025-07-04T18:16:38.088Z"}}
{"level":"info","message":{"duration":3,"params":"[\"testuser\",\"$2b$10$4BVgzdxGCwvi244LCEeY1egjFp8.RWgtShY3mPeoOyuEm49zdzjxa\",\"Test User\",\"testtoken\"]","query":"INSERT INTO `belajar_nodejs_restful_api`.`users` (`username`,`password`,`name`,`token`) VALUES (?,?,?,?)","target":"quaint::connector::metrics","timestamp":"2025-07-04T18:16:38.092Z"}}
{"level":"info","message":{"duration":0,"params":"[\"testuser\",1,0]","query":"SELECT `belajar_nodejs_restful_api`.`users`.`username`, `belajar_nodejs_restful_api`.`users`.`password`, `belajar_nodejs_restful_api`.`users`.`name`, `belajar_nodejs_restful_api`.`users`.`token` FROM `belajar_nodejs_restful_api`.`users` WHERE `belajar_nodejs_restful_api`.`users`.`username` = ? LIMIT ? OFFSET ?","target":"quaint::connector::metrics","timestamp":"2025-07-04T18:16:38.093Z"}}
{"level":"info","message":{"duration":1,"params":"[]","query":"COMMIT","target":"quaint::connector::metrics","timestamp":"2025-07-04T18:16:38.096Z"}}
{"level":"info","message":{"duration":0,"params":"[\"salah\",1,0]","query":"SELECT `belajar_nodejs_restful_api`.`users`.`username`, `belajar_nodejs_restful_api`.`users`.`password` FROM `belajar_nodejs_restful_api`.`users` WHERE (`belajar_nodejs_restful_api`.`users`.`username` = ? AND 1=1) LIMIT ? OFFSET ?","target":"quaint::connector::metrics","timestamp":"2025-07-04T18:16:38.109Z"}}
{"level":"info","message":{"error":"Invalid username or password"}}
{"level":"info","message":{"duration":3,"params":"[\"testuser\"]","query":"DELETE FROM `belajar_nodejs_restful_api`.`users` WHERE `belajar_nodejs_restful_api`.`users`.`username` = ?","target":"quaint::connector::metrics","timestamp":"2025-07-04T18:16:38.119Z"}}
